<?xml version="1.0" encoding="UTF-8"?>
<!-- Generated by org.testng.reporters.JUnitXMLReporter -->
<testsuite hostname="USRIRILP00162" name="Test" tests="4" failures="0" timestamp="8 Feb 2016 22:23:09 GMT" time="23.807" errors="0">
  <testcase name="login" time="0.734" classname="TestCases.loginTest"/>
  <testcase name="testEditCustLinks" time="0.861" classname="TestCases.homePageTest"/>
  <testcase name="testNewCustLinks" time="1.111" classname="TestCases.homePageTest"/>
  <testcase name="testdeleteCustLinks" time="0.916" classname="TestCases.homePageTest"/>
</testsuite> <!-- Test -->
